# JRE version: OpenJDK Runtime Environment (8.0_112-b06) (build 1.8.0_112-release-b06)
# Java VM: OpenJDK 64-Bit Server VM (25.112-b06 mixed mode linux-amd64 compressed oops)
Heap:
 PSYoungGen      total 358912K, used 33836K [0x00000000e0000000, 0x0000000100000000, 0x0000000100000000)
  eden space 261120K, 0% used [0x00000000e0000000,0x00000000e0000000,0x00000000eff00000)
  from space 97792K, 34% used [0x00000000eff00000,0x00000000f200b3a0,0x00000000f5e80000)
  to   space 139264K, 0% used [0x00000000f7800000,0x00000000f7800000,0x0000000100000000)
 ParOldGen       total 627712K, used 627624K [0x00000000a0000000, 0x00000000c6500000, 0x00000000e0000000)
  object space 627712K, 99% used [0x00000000a0000000,0x00000000c64ea1a8,0x00000000c6500000)
 Metaspace       used 66961K, capacity 68996K, committed 69168K, reserved 1110016K
  class space    used 8457K, capacity 8896K, committed 9008K, reserved 1048576K
GC Heap History (10 events):
Event: 106,047 GC heap after
Heap after GC invocations=41 (full 8):
 PSYoungGen      total 419328K, used 25746K [0x00000000e0000000, 0x0000000100000000, 0x0000000100000000)
  eden space 314368K, 0% used [0x00000000e0000000,0x00000000e0000000,0x00000000f3300000)
  from space 104960K, 24% used [0x00000000f3300000,0x00000000f4c24990,0x00000000f9980000)
  to   space 98816K, 0% used [0x00000000f9f80000,0x00000000f9f80000,0x0000000100000000)
 ParOldGen       total 627712K, used 440888K [0x00000000a0000000, 0x00000000c6500000, 0x00000000e0000000)
  object space 627712K, 70% used [0x00000000a0000000,0x00000000bae8e0e8,0x00000000c6500000)
 Metaspace       used 66954K, capacity 68996K, committed 69168K, reserved 1110016K
  class space    used 8457K, capacity 8896K, committed 9008K, reserved 1048576K
}
Event: 106,986 GC heap before
{Heap before GC invocations=42 (full 8):
 PSYoungGen      total 419328K, used 340114K [0x00000000e0000000, 0x0000000100000000, 0x0000000100000000)
  eden space 314368K, 100% used [0x00000000e0000000,0x00000000f3300000,0x00000000f3300000)
  from space 104960K, 24% used [0x00000000f3300000,0x00000000f4c24990,0x00000000f9980000)
  to   space 98816K, 0% used [0x00000000f9f80000,0x00000000f9f80000,0x0000000100000000)
 ParOldGen       total 627712K, used 440888K [0x00000000a0000000, 0x00000000c6500000, 0x00000000e0000000)
  object space 627712K, 70% used [0x00000000a0000000,0x00000000bae8e0e8,0x00000000c6500000)
 Metaspace       used 66956K, capacity 68996K, committed 69168K, reserved 1110016K
  class space    used 8457K, capacity 8896K, committed 9008K, reserved 1048576K
Event: 107,209 GC heap after
Heap after GC invocations=42 (full 8):
 PSYoungGen      total 402944K, used 41657K [0x00000000e0000000, 0x00000000ff000000, 0x0000000100000000)
  eden space 320512K, 0% used [0x00000000e0000000,0x00000000e0000000,0x00000000f3900000)
  from space 82432K, 50% used [0x00000000f9f80000,0x00000000fc82e5e0,0x00000000ff000000)
  to   space 93696K, 0% used [0x00000000f3900000,0x00000000f3900000,0x00000000f9480000)
 ParOldGen       total 627712K, used 465210K [0x00000000a0000000, 0x00000000c6500000, 0x00000000e0000000)
  object space 627712K, 74% used [0x00000000a0000000,0x00000000bc64e850,0x00000000c6500000)
 Metaspace       used 66956K, capacity 68996K, committed 69168K, reserved 1110016K
  class space    used 8457K, capacity 8896K, committed 9008K, reserved 1048576K
}
Event: 108,268 GC heap before
{Heap before GC invocations=43 (full 8):
 PSYoungGen      total 402944K, used 362169K [0x00000000e0000000, 0x00000000ff000000, 0x0000000100000000)
  eden space 320512K, 100% used [0x00000000e0000000,0x00000000f3900000,0x00000000f3900000)
  from space 82432K, 50% used [0x00000000f9f80000,0x00000000fc82e5e0,0x00000000ff000000)
  to   space 93696K, 0% used [0x00000000f3900000,0x00000000f3900000,0x00000000f9480000)
 ParOldGen       total 627712K, used 465210K [0x00000000a0000000, 0x00000000c6500000, 0x00000000e0000000)
  object space 627712K, 74% used [0x00000000a0000000,0x00000000bc64e850,0x00000000c6500000)
 Metaspace       used 66958K, capacity 68996K, committed 69168K, reserved 1110016K
  class space    used 8457K, capacity 8896K, committed 9008K, reserved 1048576K
Event: 108,401 GC heap after
Heap after GC invocations=43 (full 8):
 PSYoungGen      total 414208K, used 89229K [0x00000000e0000000, 0x0000000100000000, 0x0000000100000000)
  eden space 320512K, 0% used [0x00000000e0000000,0x00000000e0000000,0x00000000f3900000)
  from space 93696K, 95% used [0x00000000f3900000,0x00000000f90237c8,0x00000000f9480000)
  to   space 105984K, 0% used [0x00000000f9880000,0x00000000f9880000,0x0000000100000000)
 ParOldGen       total 627712K, used 465210K [0x00000000a0000000, 0x00000000c6500000, 0x00000000e0000000)
  object space 627712K, 74% used [0x00000000a0000000,0x00000000bc64e850,0x00000000c6500000)
 Metaspace       used 66958K, capacity 68996K, committed 69168K, reserved 1110016K
  class space    used 8457K, capacity 8896K, committed 9008K, reserved 1048576K
}
Event: 109,580 GC heap before
{Heap before GC invocations=44 (full 8):
 PSYoungGen      total 414208K, used 409741K [0x00000000e0000000, 0x0000000100000000, 0x0000000100000000)
  eden space 320512K, 100% used [0x00000000e0000000,0x00000000f3900000,0x00000000f3900000)
  from space 93696K, 95% used [0x00000000f3900000,0x00000000f90237c8,0x00000000f9480000)
  to   space 105984K, 0% used [0x00000000f9880000,0x00000000f9880000,0x0000000100000000)
 ParOldGen       total 627712K, used 465210K [0x00000000a0000000, 0x00000000c6500000, 0x00000000e0000000)
  object space 627712K, 74% used [0x00000000a0000000,0x00000000bc64e850,0x00000000c6500000)
 Metaspace       used 66958K, capacity 68996K, committed 69168K, reserved 1110016K
  class space    used 8457K, capacity 8896K, committed 9008K, reserved 1048576K
Event: 109,775 GC heap after
Heap after GC invocations=44 (full 8):
 PSYoungGen      total 367104K, used 105952K [0x00000000e0000000, 0x0000000100000000, 0x0000000100000000)
  eden space 261120K, 0% used [0x00000000e0000000,0x00000000e0000000,0x00000000eff00000)
  from space 105984K, 99% used [0x00000000f9880000,0x00000000ffff8020,0x0000000100000000)
  to   space 131584K, 0% used [0x00000000eff00000,0x00000000eff00000,0x00000000f7f80000)
 ParOldGen       total 627712K, used 491953K [0x00000000a0000000, 0x00000000c6500000, 0x00000000e0000000)
  object space 627712K, 78% used [0x00000000a0000000,0x00000000be06c428,0x00000000c6500000)
 Metaspace       used 66958K, capacity 68996K, committed 69168K, reserved 1110016K
  class space    used 8457K, capacity 8896K, committed 9008K, reserved 1048576K
}
Event: 111,450 GC heap before
{Heap before GC invocations=45 (full 8):
 PSYoungGen      total 367104K, used 367072K [0x00000000e0000000, 0x0000000100000000, 0x0000000100000000)
  eden space 261120K, 100% used [0x00000000e0000000,0x00000000eff00000,0x00000000eff00000)
  from space 105984K, 99% used [0x00000000f9880000,0x00000000ffff8020,0x0000000100000000)
  to   space 131584K, 0% used [0x00000000eff00000,0x00000000eff00000,0x00000000f7f80000)
 ParOldGen       total 627712K, used 491953K [0x00000000a0000000, 0x00000000c6500000, 0x00000000e0000000)
  object space 627712K, 78% used [0x00000000a0000000,0x00000000be06c428,0x00000000c6500000)
 Metaspace       used 66961K, capacity 68996K, committed 69168K, reserved 1110016K
  class space    used 8457K, capacity 8896K, committed 9008K, reserved 1048576K
Event: 111,710 GC heap after
Heap after GC invocations=45 (full 8):
 PSYoungGen      total 358912K, used 97363K [0x00000000e0000000, 0x0000000100000000, 0x0000000100000000)
  eden space 261120K, 0% used [0x00000000e0000000,0x00000000e0000000,0x00000000eff00000)
  from space 97792K, 99% used [0x00000000eff00000,0x00000000f5e14da0,0x00000000f5e80000)
  to   space 139264K, 0% used [0x00000000f7800000,0x00000000f7800000,0x0000000100000000)
 ParOldGen       total 627712K, used 568172K [0x00000000a0000000, 0x00000000c6500000, 0x00000000e0000000)
  object space 627712K, 90% used [0x00000000a0000000,0x00000000c2adb030,0x00000000c6500000)
 Metaspace       used 66961K, capacity 68996K, committed 69168K, reserved 1110016K
  class space    used 8457K, capacity 8896K, committed 9008K, reserved 1048576K
}
Event: 111,710 GC heap before
{Heap before GC invocations=46 (full 9):
 PSYoungGen      total 358912K, used 97363K [0x00000000e0000000, 0x0000000100000000, 0x0000000100000000)
  eden space 261120K, 0% used [0x00000000e0000000,0x00000000e0000000,0x00000000eff00000)
  from space 97792K, 99% used [0x00000000eff00000,0x00000000f5e14da0,0x00000000f5e80000)
  to   space 139264K, 0% used [0x00000000f7800000,0x00000000f7800000,0x0000000100000000)
 ParOldGen       total 627712K, used 568172K [0x00000000a0000000, 0x00000000c6500000, 0x00000000e0000000)
  object space 627712K, 90% used [0x00000000a0000000,0x00000000c2adb030,0x00000000c6500000)
 Metaspace       used 66961K, capacity 68996K, committed 69168K, reserved 1110016K
  class space    used 8457K, capacity 8896K, committed 9008K, reserved 1048576K

