# JRE version: OpenJDK Runtime Environment (8.0_112-b06) (build 1.8.0_112-release-b06)
# Java VM: OpenJDK 64-Bit Server VM (25.112-b06 mixed mode linux-amd64 compressed oops)
Heap:
 PSYoungGen      total 349696K, used 0K [0x00000000e0000000, 0x0000000100000000, 0x0000000100000000)
  eden space 175104K, 0% used [0x00000000e0000000,0x00000000e0000000,0x00000000eab00000)
  from space 174592K, 0% used [0x00000000eab00000,0x00000000eab00000,0x00000000f5580000)
  to   space 174592K, 0% used [0x00000000f5580000,0x00000000f5580000,0x0000000100000000)
 ParOldGen       total 799744K, used 769200K [0x00000000a0000000, 0x00000000d0d00000, 0x00000000e0000000)
  object space 799744K, 96% used [0x00000000a0000000,0x00000000cef2c0e0,0x00000000d0d00000)
 Metaspace       used 53884K, capacity 55510K, committed 55728K, reserved 1097728K
  class space    used 7109K, capacity 7474K, committed 7600K, reserved 1048576K
GC Heap History (10 events):
Event: 49,915 GC heap after
Heap after GC invocations=41 (full 7):
 PSYoungGen      total 338944K, used 106864K [0x00000000e0000000, 0x0000000100000000, 0x0000000100000000)
  eden space 217088K, 0% used [0x00000000e0000000,0x00000000e0000000,0x00000000ed400000)
  from space 121856K, 87% used [0x00000000f8900000,0x00000000ff15c1d0,0x0000000100000000)
  to   space 153600K, 0% used [0x00000000ed400000,0x00000000ed400000,0x00000000f6a00000)
 ParOldGen       total 589312K, used 573715K [0x00000000a0000000, 0x00000000c3f80000, 0x00000000e0000000)
  object space 589312K, 97% used [0x00000000a0000000,0x00000000c3044cc0,0x00000000c3f80000)
 Metaspace       used 53884K, capacity 55510K, committed 55728K, reserved 1097728K
  class space    used 7109K, capacity 7474K, committed 7600K, reserved 1048576K
}
Event: 49,915 GC heap before
{Heap before GC invocations=42 (full 8):
 PSYoungGen      total 338944K, used 106864K [0x00000000e0000000, 0x0000000100000000, 0x0000000100000000)
  eden space 217088K, 0% used [0x00000000e0000000,0x00000000e0000000,0x00000000ed400000)
  from space 121856K, 87% used [0x00000000f8900000,0x00000000ff15c1d0,0x0000000100000000)
  to   space 153600K, 0% used [0x00000000ed400000,0x00000000ed400000,0x00000000f6a00000)
 ParOldGen       total 589312K, used 573715K [0x00000000a0000000, 0x00000000c3f80000, 0x00000000e0000000)
  object space 589312K, 97% used [0x00000000a0000000,0x00000000c3044cc0,0x00000000c3f80000)
 Metaspace       used 53884K, capacity 55510K, committed 55728K, reserved 1097728K
  class space    used 7109K, capacity 7474K, committed 7600K, reserved 1048576K
Event: 52,422 GC heap after
Heap after GC invocations=42 (full 8):
 PSYoungGen      total 338944K, used 84841K [0x00000000e0000000, 0x0000000100000000, 0x0000000100000000)
  eden space 217088K, 0% used [0x00000000e0000000,0x00000000e0000000,0x00000000ed400000)
  from space 121856K, 69% used [0x00000000f8900000,0x00000000fdbda4e8,0x0000000100000000)
  to   space 153600K, 0% used [0x00000000ed400000,0x00000000ed400000,0x00000000f6a00000)
 ParOldGen       total 799744K, used 589020K [0x00000000a0000000, 0x00000000d0d00000, 0x00000000e0000000)
  object space 799744K, 73% used [0x00000000a0000000,0x00000000c3f371f0,0x00000000d0d00000)
 Metaspace       used 53884K, capacity 55510K, committed 55728K, reserved 1097728K
  class space    used 7109K, capacity 7474K, committed 7600K, reserved 1048576K
}
Event: 52,937 GC heap before
{Heap before GC invocations=43 (full 8):
 PSYoungGen      total 338944K, used 301929K [0x00000000e0000000, 0x0000000100000000, 0x0000000100000000)
  eden space 217088K, 100% used [0x00000000e0000000,0x00000000ed400000,0x00000000ed400000)
  from space 121856K, 69% used [0x00000000f8900000,0x00000000fdbda4e8,0x0000000100000000)
  to   space 153600K, 0% used [0x00000000ed400000,0x00000000ed400000,0x00000000f6a00000)
 ParOldGen       total 799744K, used 589020K [0x00000000a0000000, 0x00000000d0d00000, 0x00000000e0000000)
  object space 799744K, 73% used [0x00000000a0000000,0x00000000c3f371f0,0x00000000d0d00000)
 Metaspace       used 53884K, capacity 55510K, committed 55728K, reserved 1097728K
  class space    used 7109K, capacity 7474K, committed 7600K, reserved 1048576K
Event: 53,267 GC heap after
Heap after GC invocations=43 (full 8):
 PSYoungGen      total 370688K, used 153586K [0x00000000e0000000, 0x0000000100000000, 0x0000000100000000)
  eden space 217088K, 0% used [0x00000000e0000000,0x00000000e0000000,0x00000000ed400000)
  from space 153600K, 99% used [0x00000000ed400000,0x00000000f69fcb88,0x00000000f6a00000)
  to   space 153600K, 0% used [0x00000000f6a00000,0x00000000f6a00000,0x0000000100000000)
 ParOldGen       total 799744K, used 614704K [0x00000000a0000000, 0x00000000d0d00000, 0x00000000e0000000)
  object space 799744K, 76% used [0x00000000a0000000,0x00000000c584c298,0x00000000d0d00000)
 Metaspace       used 53884K, capacity 55510K, committed 55728K, reserved 1097728K
  class space    used 7109K, capacity 7474K, committed 7600K, reserved 1048576K
}
Event: 54,906 GC heap before
{Heap before GC invocations=44 (full 8):
 PSYoungGen      total 370688K, used 370674K [0x00000000e0000000, 0x0000000100000000, 0x0000000100000000)
  eden space 217088K, 100% used [0x00000000e0000000,0x00000000ed400000,0x00000000ed400000)
  from space 153600K, 99% used [0x00000000ed400000,0x00000000f69fcb88,0x00000000f6a00000)
  to   space 153600K, 0% used [0x00000000f6a00000,0x00000000f6a00000,0x0000000100000000)
 ParOldGen       total 799744K, used 614704K [0x00000000a0000000, 0x00000000d0d00000, 0x00000000e0000000)
  object space 799744K, 76% used [0x00000000a0000000,0x00000000c584c298,0x00000000d0d00000)
 Metaspace       used 53884K, capacity 55510K, committed 55728K, reserved 1097728K
  class space    used 7109K, capacity 7474K, committed 7600K, reserved 1048576K
Event: 55,107 GC heap after
Heap after GC invocations=44 (full 8):
 PSYoungGen      total 328704K, used 80958K [0x00000000e0000000, 0x0000000100000000, 0x0000000100000000)
  eden space 175104K, 0% used [0x00000000e0000000,0x00000000e0000000,0x00000000eab00000)
  from space 153600K, 52% used [0x00000000f6a00000,0x00000000fb90f980,0x0000000100000000)
  to   space 174592K, 0% used [0x00000000eab00000,0x00000000eab00000,0x00000000f5580000)
 ParOldGen       total 799744K, used 674727K [0x00000000a0000000, 0x00000000d0d00000, 0x00000000e0000000)
  object space 799744K, 84% used [0x00000000a0000000,0x00000000c92e9d08,0x00000000d0d00000)
 Metaspace       used 53884K, capacity 55510K, committed 55728K, reserved 1097728K
  class space    used 7109K, capacity 7474K, committed 7600K, reserved 1048576K
}
Event: 55,357 GC heap before
{Heap before GC invocations=45 (full 8):
 PSYoungGen      total 328704K, used 256062K [0x00000000e0000000, 0x0000000100000000, 0x0000000100000000)
  eden space 175104K, 100% used [0x00000000e0000000,0x00000000eab00000,0x00000000eab00000)
  from space 153600K, 52% used [0x00000000f6a00000,0x00000000fb90f980,0x0000000100000000)
  to   space 174592K, 0% used [0x00000000eab00000,0x00000000eab00000,0x00000000f5580000)
 ParOldGen       total 799744K, used 674727K [0x00000000a0000000, 0x00000000d0d00000, 0x00000000e0000000)
  object space 799744K, 84% used [0x00000000a0000000,0x00000000c92e9d08,0x00000000d0d00000)
 Metaspace       used 53884K, capacity 55510K, committed 55728K, reserved 1097728K
  class space    used 7109K, capacity 7474K, committed 7600K, reserved 1048576K
Event: 55,554 GC heap after
Heap after GC invocations=45 (full 8):
 PSYoungGen      total 349696K, used 98222K [0x00000000e0000000, 0x0000000100000000, 0x0000000100000000)
  eden space 175104K, 0% used [0x00000000e0000000,0x00000000e0000000,0x00000000eab00000)
  from space 174592K, 56% used [0x00000000eab00000,0x00000000f0aebab0,0x00000000f5580000)
  to   space 174592K, 0% used [0x00000000f5580000,0x00000000f5580000,0x0000000100000000)
 ParOldGen       total 799744K, used 750271K [0x00000000a0000000, 0x00000000d0d00000, 0x00000000e0000000)
  object space 799744K, 93% used [0x00000000a0000000,0x00000000cdcafd50,0x00000000d0d00000)
 Metaspace       used 53884K, capacity 55510K, committed 55728K, reserved 1097728K
  class space    used 7109K, capacity 7474K, committed 7600K, reserved 1048576K
}
Event: 55,554 GC heap before
{Heap before GC invocations=46 (full 9):
 PSYoungGen      total 349696K, used 98222K [0x00000000e0000000, 0x0000000100000000, 0x0000000100000000)
  eden space 175104K, 0% used [0x00000000e0000000,0x00000000e0000000,0x00000000eab00000)
  from space 174592K, 56% used [0x00000000eab00000,0x00000000f0aebab0,0x00000000f5580000)
  to   space 174592K, 0% used [0x00000000f5580000,0x00000000f5580000,0x0000000100000000)
 ParOldGen       total 799744K, used 750271K [0x00000000a0000000, 0x00000000d0d00000, 0x00000000e0000000)
  object space 799744K, 93% used [0x00000000a0000000,0x00000000cdcafd50,0x00000000d0d00000)
 Metaspace       used 53884K, capacity 55510K, committed 55728K, reserved 1097728K
  class space    used 7109K, capacity 7474K, committed 7600K, reserved 1048576K

