# JRE version: OpenJDK Runtime Environment (8.0_112-b06) (build 1.8.0_112-release-b06)
# Java VM: OpenJDK 64-Bit Server VM (25.112-b06 mixed mode linux-amd64 compressed oops)
Heap:
 PSYoungGen      total 289280K, used 66938K [0x00000000e0000000, 0x0000000100000000, 0x0000000100000000)
  eden space 175104K, 0% used [0x00000000e0000000,0x00000000e0000000,0x00000000eab00000)
  from space 114176K, 58% used [0x00000000f9080000,0x00000000fd1deac8,0x0000000100000000)
  to   space 174592K, 0% used [0x00000000eab00000,0x00000000eab00000,0x00000000f5580000)
 ParOldGen       total 685568K, used 685125K [0x00000000a0000000, 0x00000000c9d80000, 0x00000000e0000000)
  object space 685568K, 99% used [0x00000000a0000000,0x00000000c9d117e0,0x00000000c9d80000)
 Metaspace       used 53781K, capacity 55400K, committed 55720K, reserved 1097728K
  class space    used 7110K, capacity 7478K, committed 7600K, reserved 1048576K
GC Heap History (10 events):
Event: 48,364 GC heap after
Heap after GC invocations=31 (full 7):
 PSYoungGen      total 412672K, used 8448K [0x00000000e0000000, 0x0000000100000000, 0x0000000100000000)
  eden space 322560K, 0% used [0x00000000e0000000,0x00000000e0000000,0x00000000f3b00000)
  from space 90112K, 9% used [0x00000000fa800000,0x00000000fb040290,0x0000000100000000)
  to   space 100864K, 0% used [0x00000000f3b00000,0x00000000f3b00000,0x00000000f9d80000)
 ParOldGen       total 685568K, used 488908K [0x00000000a0000000, 0x00000000c9d80000, 0x00000000e0000000)
  object space 685568K, 71% used [0x00000000a0000000,0x00000000bdd73090,0x00000000c9d80000)
 Metaspace       used 53776K, capacity 55400K, committed 55720K, reserved 1097728K
  class space    used 7110K, capacity 7478K, committed 7600K, reserved 1048576K
}
Event: 49,559 GC heap before
{Heap before GC invocations=32 (full 7):
 PSYoungGen      total 412672K, used 331008K [0x00000000e0000000, 0x0000000100000000, 0x0000000100000000)
  eden space 322560K, 100% used [0x00000000e0000000,0x00000000f3b00000,0x00000000f3b00000)
  from space 90112K, 9% used [0x00000000fa800000,0x00000000fb040290,0x0000000100000000)
  to   space 100864K, 0% used [0x00000000f3b00000,0x00000000f3b00000,0x00000000f9d80000)
 ParOldGen       total 685568K, used 488908K [0x00000000a0000000, 0x00000000c9d80000, 0x00000000e0000000)
  object space 685568K, 71% used [0x00000000a0000000,0x00000000bdd73090,0x00000000c9d80000)
 Metaspace       used 53778K, capacity 55400K, committed 55720K, reserved 1097728K
  class space    used 7110K, capacity 7478K, committed 7600K, reserved 1048576K
Event: 49,795 GC heap after
Heap after GC invocations=32 (full 7):
 PSYoungGen      total 423424K, used 55616K [0x00000000e0000000, 0x0000000100000000, 0x0000000100000000)
  eden space 322560K, 0% used [0x00000000e0000000,0x00000000e0000000,0x00000000f3b00000)
  from space 100864K, 55% used [0x00000000f3b00000,0x00000000f7150000,0x00000000f9d80000)
  to   space 99328K, 0% used [0x00000000f9f00000,0x00000000f9f00000,0x0000000100000000)
 ParOldGen       total 685568K, used 488908K [0x00000000a0000000, 0x00000000c9d80000, 0x00000000e0000000)
  object space 685568K, 71% used [0x00000000a0000000,0x00000000bdd73090,0x00000000c9d80000)
 Metaspace       used 53778K, capacity 55400K, committed 55720K, reserved 1097728K
  class space    used 7110K, capacity 7478K, committed 7600K, reserved 1048576K
}
Event: 50,941 GC heap before
{Heap before GC invocations=33 (full 7):
 PSYoungGen      total 423424K, used 378176K [0x00000000e0000000, 0x0000000100000000, 0x0000000100000000)
  eden space 322560K, 100% used [0x00000000e0000000,0x00000000f3b00000,0x00000000f3b00000)
  from space 100864K, 55% used [0x00000000f3b00000,0x00000000f7150000,0x00000000f9d80000)
  to   space 99328K, 0% used [0x00000000f9f00000,0x00000000f9f00000,0x0000000100000000)
 ParOldGen       total 685568K, used 488908K [0x00000000a0000000, 0x00000000c9d80000, 0x00000000e0000000)
  object space 685568K, 71% used [0x00000000a0000000,0x00000000bdd73090,0x00000000c9d80000)
 Metaspace       used 53778K, capacity 55400K, committed 55720K, reserved 1097728K
  class space    used 7110K, capacity 7478K, committed 7600K, reserved 1048576K
Event: 51,096 GC heap after
Heap after GC invocations=33 (full 7):
 PSYoungGen      total 395264K, used 99034K [0x00000000e0000000, 0x0000000100000000, 0x0000000100000000)
  eden space 295936K, 0% used [0x00000000e0000000,0x00000000e0000000,0x00000000f2100000)
  from space 99328K, 99% used [0x00000000f9f00000,0x00000000fffb69c0,0x0000000100000000)
  to   space 114176K, 0% used [0x00000000f2100000,0x00000000f2100000,0x00000000f9080000)
 ParOldGen       total 685568K, used 488908K [0x00000000a0000000, 0x00000000c9d80000, 0x00000000e0000000)
  object space 685568K, 71% used [0x00000000a0000000,0x00000000bdd73090,0x00000000c9d80000)
 Metaspace       used 53778K, capacity 55400K, committed 55720K, reserved 1097728K
  class space    used 7110K, capacity 7478K, committed 7600K, reserved 1048576K
}
Event: 52,910 GC heap before
{Heap before GC invocations=34 (full 7):
 PSYoungGen      total 395264K, used 394970K [0x00000000e0000000, 0x0000000100000000, 0x0000000100000000)
  eden space 295936K, 100% used [0x00000000e0000000,0x00000000f2100000,0x00000000f2100000)
  from space 99328K, 99% used [0x00000000f9f00000,0x00000000fffb69c0,0x0000000100000000)
  to   space 114176K, 0% used [0x00000000f2100000,0x00000000f2100000,0x00000000f9080000)
 ParOldGen       total 685568K, used 488908K [0x00000000a0000000, 0x00000000c9d80000, 0x00000000e0000000)
  object space 685568K, 71% used [0x00000000a0000000,0x00000000bdd73090,0x00000000c9d80000)
 Metaspace       used 53781K, capacity 55400K, committed 55720K, reserved 1097728K
  class space    used 7110K, capacity 7478K, committed 7600K, reserved 1048576K
Event: 53,176 GC heap after
Heap after GC invocations=34 (full 7):
 PSYoungGen      total 410112K, used 114172K [0x00000000e0000000, 0x0000000100000000, 0x0000000100000000)
  eden space 295936K, 0% used [0x00000000e0000000,0x00000000e0000000,0x00000000f2100000)
  from space 114176K, 99% used [0x00000000f2100000,0x00000000f907f398,0x00000000f9080000)
  to   space 114176K, 0% used [0x00000000f9080000,0x00000000f9080000,0x0000000100000000)
 ParOldGen       total 685568K, used 546799K [0x00000000a0000000, 0x00000000c9d80000, 0x00000000e0000000)
  object space 685568K, 79% used [0x00000000a0000000,0x00000000c15fbea0,0x00000000c9d80000)
 Metaspace       used 53781K, capacity 55400K, committed 55720K, reserved 1097728K
  class space    used 7110K, capacity 7478K, committed 7600K, reserved 1048576K
}
Event: 55,302 GC heap before
{Heap before GC invocations=35 (full 7):
 PSYoungGen      total 410112K, used 410108K [0x00000000e0000000, 0x0000000100000000, 0x0000000100000000)
  eden space 295936K, 100% used [0x00000000e0000000,0x00000000f2100000,0x00000000f2100000)
  from space 114176K, 99% used [0x00000000f2100000,0x00000000f907f398,0x00000000f9080000)
  to   space 114176K, 0% used [0x00000000f9080000,0x00000000f9080000,0x0000000100000000)
 ParOldGen       total 685568K, used 546799K [0x00000000a0000000, 0x00000000c9d80000, 0x00000000e0000000)
  object space 685568K, 79% used [0x00000000a0000000,0x00000000c15fbea0,0x00000000c9d80000)
 Metaspace       used 53781K, capacity 55400K, committed 55720K, reserved 1097728K
  class space    used 7110K, capacity 7478K, committed 7600K, reserved 1048576K
Event: 55,714 GC heap after
Heap after GC invocations=35 (full 7):
 PSYoungGen      total 289280K, used 114151K [0x00000000e0000000, 0x0000000100000000, 0x0000000100000000)
  eden space 175104K, 0% used [0x00000000e0000000,0x00000000e0000000,0x00000000eab00000)
  from space 114176K, 99% used [0x00000000f9080000,0x00000000ffff9cc8,0x0000000100000000)
  to   space 174592K, 0% used [0x00000000eab00000,0x00000000eab00000,0x00000000f5580000)
 ParOldGen       total 685568K, used 684850K [0x00000000a0000000, 0x00000000c9d80000, 0x00000000e0000000)
  object space 685568K, 99% used [0x00000000a0000000,0x00000000c9cccbf8,0x00000000c9d80000)
 Metaspace       used 53781K, capacity 55400K, committed 55720K, reserved 1097728K
  class space    used 7110K, capacity 7478K, committed 7600K, reserved 1048576K
}
Event: 55,714 GC heap before
{Heap before GC invocations=36 (full 8):
 PSYoungGen      total 289280K, used 114151K [0x00000000e0000000, 0x0000000100000000, 0x0000000100000000)
  eden space 175104K, 0% used [0x00000000e0000000,0x00000000e0000000,0x00000000eab00000)
  from space 114176K, 99% used [0x00000000f9080000,0x00000000ffff9cc8,0x0000000100000000)
  to   space 174592K, 0% used [0x00000000eab00000,0x00000000eab00000,0x00000000f5580000)
 ParOldGen       total 685568K, used 684850K [0x00000000a0000000, 0x00000000c9d80000, 0x00000000e0000000)
  object space 685568K, 99% used [0x00000000a0000000,0x00000000c9cccbf8,0x00000000c9d80000)
 Metaspace       used 53781K, capacity 55400K, committed 55720K, reserved 1097728K
  class space    used 7110K, capacity 7478K, committed 7600K, reserved 1048576K

