# JRE version: OpenJDK Runtime Environment (8.0_112-b06) (build 1.8.0_112-release-b06)
# Java VM: OpenJDK 64-Bit Server VM (25.112-b06 mixed mode linux-amd64 compressed oops)
Heap:
 PSYoungGen      total 349696K, used 203788K [0x00000000e0000000, 0x0000000100000000, 0x0000000100000000)
  eden space 175104K, 100% used [0x00000000e0000000,0x00000000eab00000,0x00000000eab00000)
  from space 174592K, 16% used [0x00000000eab00000,0x00000000ec703018,0x00000000f5580000)
  to   space 174592K, 10% used [0x00000000f5580000,0x00000000f671c218,0x0000000100000000)
 ParOldGen       total 592896K, used 366640K [0x00000000a0000000, 0x00000000c4300000, 0x00000000e0000000)
  object space 592896K, 61% used [0x00000000a0000000,0x00000000b660c0b8,0x00000000c4300000)
 Metaspace       used 68505K, capacity 70848K, committed 71216K, reserved 1112064K
  class space    used 8660K, capacity 9115K, committed 9264K, reserved 1048576K
GC Heap History (10 events):
Event: 788,805 GC heap after
Heap after GC invocations=84 (full 15):
 PSYoungGen      total 349696K, used 61926K [0x00000000e0000000, 0x0000000100000000, 0x0000000100000000)
  eden space 175104K, 0% used [0x00000000e0000000,0x00000000e0000000,0x00000000eab00000)
  from space 174592K, 35% used [0x00000000eab00000,0x00000000ee779ab8,0x00000000f5580000)
  to   space 174592K, 0% used [0x00000000f5580000,0x00000000f5580000,0x0000000100000000)
 ParOldGen       total 592896K, used 223637K [0x00000000a0000000, 0x00000000c4300000, 0x00000000e0000000)
  object space 592896K, 37% used [0x00000000a0000000,0x00000000ada65778,0x00000000c4300000)
 Metaspace       used 68505K, capacity 70848K, committed 71216K, reserved 1112064K
  class space    used 8660K, capacity 9115K, committed 9264K, reserved 1048576K
}
Event: 789,209 GC heap before
{Heap before GC invocations=85 (full 15):
 PSYoungGen      total 349696K, used 237030K [0x00000000e0000000, 0x0000000100000000, 0x0000000100000000)
  eden space 175104K, 100% used [0x00000000e0000000,0x00000000eab00000,0x00000000eab00000)
  from space 174592K, 35% used [0x00000000eab00000,0x00000000ee779ab8,0x00000000f5580000)
  to   space 174592K, 0% used [0x00000000f5580000,0x00000000f5580000,0x0000000100000000)
 ParOldGen       total 592896K, used 223637K [0x00000000a0000000, 0x00000000c4300000, 0x00000000e0000000)
  object space 592896K, 37% used [0x00000000a0000000,0x00000000ada65778,0x00000000c4300000)
 Metaspace       used 68505K, capacity 70848K, committed 71216K, reserved 1112064K
  class space    used 8660K, capacity 9115K, committed 9264K, reserved 1048576K
Event: 789,337 GC heap after
Heap after GC invocations=85 (full 15):
 PSYoungGen      total 349696K, used 88220K [0x00000000e0000000, 0x0000000100000000, 0x0000000100000000)
  eden space 175104K, 0% used [0x00000000e0000000,0x00000000e0000000,0x00000000eab00000)
  from space 174592K, 50% used [0x00000000f5580000,0x00000000faba70d0,0x0000000100000000)
  to   space 174592K, 0% used [0x00000000eab00000,0x00000000eab00000,0x00000000f5580000)
 ParOldGen       total 592896K, used 223637K [0x00000000a0000000, 0x00000000c4300000, 0x00000000e0000000)
  object space 592896K, 37% used [0x00000000a0000000,0x00000000ada65778,0x00000000c4300000)
 Metaspace       used 68505K, capacity 70848K, committed 71216K, reserved 1112064K
  class space    used 8660K, capacity 9115K, committed 9264K, reserved 1048576K
}
Event: 789,641 GC heap before
{Heap before GC invocations=86 (full 15):
 PSYoungGen      total 349696K, used 263324K [0x00000000e0000000, 0x0000000100000000, 0x0000000100000000)
  eden space 175104K, 100% used [0x00000000e0000000,0x00000000eab00000,0x00000000eab00000)
  from space 174592K, 50% used [0x00000000f5580000,0x00000000faba70d0,0x0000000100000000)
  to   space 174592K, 0% used [0x00000000eab00000,0x00000000eab00000,0x00000000f5580000)
 ParOldGen       total 592896K, used 223637K [0x00000000a0000000, 0x00000000c4300000, 0x00000000e0000000)
  object space 592896K, 37% used [0x00000000a0000000,0x00000000ada65778,0x00000000c4300000)
 Metaspace       used 68505K, capacity 70848K, committed 71216K, reserved 1112064K
  class space    used 8660K, capacity 9115K, committed 9264K, reserved 1048576K
Event: 790,383 GC heap after
Heap after GC invocations=86 (full 15):
 PSYoungGen      total 349696K, used 77832K [0x00000000e0000000, 0x0000000100000000, 0x0000000100000000)
  eden space 175104K, 0% used [0x00000000e0000000,0x00000000e0000000,0x00000000eab00000)
  from space 174592K, 44% used [0x00000000eab00000,0x00000000ef702288,0x00000000f5580000)
  to   space 174592K, 0% used [0x00000000f5580000,0x00000000f5580000,0x0000000100000000)
 ParOldGen       total 592896K, used 259779K [0x00000000a0000000, 0x00000000c4300000, 0x00000000e0000000)
  object space 592896K, 43% used [0x00000000a0000000,0x00000000afdb0ee0,0x00000000c4300000)
 Metaspace       used 68505K, capacity 70848K, committed 71216K, reserved 1112064K
  class space    used 8660K, capacity 9115K, committed 9264K, reserved 1048576K
}
Event: 790,646 GC heap before
{Heap before GC invocations=87 (full 15):
 PSYoungGen      total 349696K, used 252936K [0x00000000e0000000, 0x0000000100000000, 0x0000000100000000)
  eden space 175104K, 100% used [0x00000000e0000000,0x00000000eab00000,0x00000000eab00000)
  from space 174592K, 44% used [0x00000000eab00000,0x00000000ef702288,0x00000000f5580000)
  to   space 174592K, 0% used [0x00000000f5580000,0x00000000f5580000,0x0000000100000000)
 ParOldGen       total 592896K, used 259779K [0x00000000a0000000, 0x00000000c4300000, 0x00000000e0000000)
  object space 592896K, 43% used [0x00000000a0000000,0x00000000afdb0ee0,0x00000000c4300000)
 Metaspace       used 68505K, capacity 70848K, committed 71216K, reserved 1112064K
  class space    used 8660K, capacity 9115K, committed 9264K, reserved 1048576K
Event: 791,788 GC heap after
Heap after GC invocations=87 (full 15):
 PSYoungGen      total 349696K, used 50676K [0x00000000e0000000, 0x0000000100000000, 0x0000000100000000)
  eden space 175104K, 0% used [0x00000000e0000000,0x00000000e0000000,0x00000000eab00000)
  from space 174592K, 29% used [0x00000000f5580000,0x00000000f86fd308,0x0000000100000000)
  to   space 174592K, 0% used [0x00000000eab00000,0x00000000eab00000,0x00000000f5580000)
 ParOldGen       total 592896K, used 310746K [0x00000000a0000000, 0x00000000c4300000, 0x00000000e0000000)
  object space 592896K, 52% used [0x00000000a0000000,0x00000000b2f76b68,0x00000000c4300000)
 Metaspace       used 68505K, capacity 70848K, committed 71216K, reserved 1112064K
  class space    used 8660K, capacity 9115K, committed 9264K, reserved 1048576K
}
Event: 792,093 GC heap before
{Heap before GC invocations=88 (full 15):
 PSYoungGen      total 349696K, used 225780K [0x00000000e0000000, 0x0000000100000000, 0x0000000100000000)
  eden space 175104K, 100% used [0x00000000e0000000,0x00000000eab00000,0x00000000eab00000)
  from space 174592K, 29% used [0x00000000f5580000,0x00000000f86fd308,0x0000000100000000)
  to   space 174592K, 0% used [0x00000000eab00000,0x00000000eab00000,0x00000000f5580000)
 ParOldGen       total 592896K, used 310746K [0x00000000a0000000, 0x00000000c4300000, 0x00000000e0000000)
  object space 592896K, 52% used [0x00000000a0000000,0x00000000b2f76b68,0x00000000c4300000)
 Metaspace       used 68505K, capacity 70848K, committed 71216K, reserved 1112064K
  class space    used 8660K, capacity 9115K, committed 9264K, reserved 1048576K
Event: 793,062 GC heap after
Heap after GC invocations=88 (full 15):
 PSYoungGen      total 349696K, used 28684K [0x00000000e0000000, 0x0000000100000000, 0x0000000100000000)
  eden space 175104K, 0% used [0x00000000e0000000,0x00000000e0000000,0x00000000eab00000)
  from space 174592K, 16% used [0x00000000eab00000,0x00000000ec703018,0x00000000f5580000)
  to   space 174592K, 0% used [0x00000000f5580000,0x00000000f5580000,0x0000000100000000)
 ParOldGen       total 592896K, used 360426K [0x00000000a0000000, 0x00000000c4300000, 0x00000000e0000000)
  object space 592896K, 60% used [0x00000000a0000000,0x00000000b5ffabf0,0x00000000c4300000)
 Metaspace       used 68505K, capacity 70848K, committed 71216K, reserved 1112064K
  class space    used 8660K, capacity 9115K, committed 9264K, reserved 1048576K
}
Event: 793,318 GC heap before
{Heap before GC invocations=89 (full 15):
 PSYoungGen      total 349696K, used 203788K [0x00000000e0000000, 0x0000000100000000, 0x0000000100000000)
  eden space 175104K, 100% used [0x00000000e0000000,0x00000000eab00000,0x00000000eab00000)
  from space 174592K, 16% used [0x00000000eab00000,0x00000000ec703018,0x00000000f5580000)
  to   space 174592K, 0% used [0x00000000f5580000,0x00000000f5580000,0x0000000100000000)
 ParOldGen       total 592896K, used 360426K [0x00000000a0000000, 0x00000000c4300000, 0x00000000e0000000)
  object space 592896K, 60% used [0x00000000a0000000,0x00000000b5ffabf0,0x00000000c4300000)
 Metaspace       used 68505K, capacity 70848K, committed 71216K, reserved 1112064K
  class space    used 8660K, capacity 9115K, committed 9264K, reserved 1048576K

