# JRE version: OpenJDK Runtime Environment (8.0_112-b06) (build 1.8.0_112-release-b06)
# Java VM: OpenJDK 64-Bit Server VM (25.112-b06 mixed mode linux-amd64 compressed oops)
Heap:
 PSYoungGen      total 371200K, used 117226K [0x00000000e0000000, 0x0000000100000000, 0x0000000100000000)
  eden space 218112K, 0% used [0x00000000e0000000,0x00000000e0000000,0x00000000ed500000)
  from space 153088K, 76% used [0x00000000ed500000,0x00000000f477a8f0,0x00000000f6a80000)
  to   space 153088K, 0% used [0x00000000f6a80000,0x00000000f6a80000,0x0000000100000000)
 ParOldGen       total 658944K, used 658665K [0x00000000a0000000, 0x00000000c8380000, 0x00000000e0000000)
  object space 658944K, 99% used [0x00000000a0000000,0x00000000c833a760,0x00000000c8380000)
 Metaspace       used 75100K, capacity 78776K, committed 80536K, reserved 1120256K
  class space    used 9377K, capacity 10025K, committed 10408K, reserved 1048576K
GC Heap History (10 events):
Event: 13356,401 GC heap after
Heap after GC invocations=45 (full 8):
 PSYoungGen      total 352768K, used 43238K [0x00000000e0000000, 0x0000000100000000, 0x0000000100000000)
  eden space 273408K, 0% used [0x00000000e0000000,0x00000000e0000000,0x00000000f0b00000)
  from space 79360K, 54% used [0x00000000f0b00000,0x00000000f3539968,0x00000000f5880000)
  to   space 126976K, 0% used [0x00000000f8400000,0x00000000f8400000,0x0000000100000000)
 ParOldGen       total 658944K, used 498586K [0x00000000a0000000, 0x00000000c8380000, 0x00000000e0000000)
  object space 658944K, 75% used [0x00000000a0000000,0x00000000be6e69a0,0x00000000c8380000)
 Metaspace       used 75115K, capacity 78806K, committed 80536K, reserved 1120256K
  class space    used 9379K, capacity 10030K, committed 10408K, reserved 1048576K
}
Event: 13357,494 GC heap before
{Heap before GC invocations=46 (full 8):
 PSYoungGen      total 352768K, used 316646K [0x00000000e0000000, 0x0000000100000000, 0x0000000100000000)
  eden space 273408K, 100% used [0x00000000e0000000,0x00000000f0b00000,0x00000000f0b00000)
  from space 79360K, 54% used [0x00000000f0b00000,0x00000000f3539968,0x00000000f5880000)
  to   space 126976K, 0% used [0x00000000f8400000,0x00000000f8400000,0x0000000100000000)
 ParOldGen       total 658944K, used 498586K [0x00000000a0000000, 0x00000000c8380000, 0x00000000e0000000)
  object space 658944K, 75% used [0x00000000a0000000,0x00000000be6e69a0,0x00000000c8380000)
 Metaspace       used 75115K, capacity 78806K, committed 80536K, reserved 1120256K
  class space    used 9379K, capacity 10030K, committed 10408K, reserved 1048576K
Event: 13357,787 GC heap after
Heap after GC invocations=46 (full 8):
 PSYoungGen      total 402944K, used 61569K [0x00000000e0000000, 0x0000000100000000, 0x0000000100000000)
  eden space 275968K, 0% used [0x00000000e0000000,0x00000000e0000000,0x00000000f0d80000)
  from space 126976K, 48% used [0x00000000f8400000,0x00000000fc020758,0x0000000100000000)
  to   space 121344K, 0% used [0x00000000f0d80000,0x00000000f0d80000,0x00000000f8400000)
 ParOldGen       total 658944K, used 515405K [0x00000000a0000000, 0x00000000c8380000, 0x00000000e0000000)
  object space 658944K, 78% used [0x00000000a0000000,0x00000000bf7534e0,0x00000000c8380000)
 Metaspace       used 75115K, capacity 78806K, committed 80536K, reserved 1120256K
  class space    used 9379K, capacity 10030K, committed 10408K, reserved 1048576K
}
Event: 13358,952 GC heap before
{Heap before GC invocations=47 (full 8):
 PSYoungGen      total 402944K, used 337537K [0x00000000e0000000, 0x0000000100000000, 0x0000000100000000)
  eden space 275968K, 100% used [0x00000000e0000000,0x00000000f0d80000,0x00000000f0d80000)
  from space 126976K, 48% used [0x00000000f8400000,0x00000000fc020758,0x0000000100000000)
  to   space 121344K, 0% used [0x00000000f0d80000,0x00000000f0d80000,0x00000000f8400000)
 ParOldGen       total 658944K, used 515405K [0x00000000a0000000, 0x00000000c8380000, 0x00000000e0000000)
  object space 658944K, 78% used [0x00000000a0000000,0x00000000bf7534e0,0x00000000c8380000)
 Metaspace       used 75115K, capacity 78806K, committed 80536K, reserved 1120256K
  class space    used 9379K, capacity 10030K, committed 10408K, reserved 1048576K
Event: 13359,099 GC heap after
Heap after GC invocations=47 (full 8):
 PSYoungGen      total 377856K, used 101416K [0x00000000e0000000, 0x0000000100000000, 0x0000000100000000)
  eden space 275968K, 0% used [0x00000000e0000000,0x00000000e0000000,0x00000000f0d80000)
  from space 101888K, 99% used [0x00000000f0d80000,0x00000000f708a348,0x00000000f7100000)
  to   space 130560K, 0% used [0x00000000f8080000,0x00000000f8080000,0x0000000100000000)
 ParOldGen       total 658944K, used 515405K [0x00000000a0000000, 0x00000000c8380000, 0x00000000e0000000)
  object space 658944K, 78% used [0x00000000a0000000,0x00000000bf7534e0,0x00000000c8380000)
 Metaspace       used 75115K, capacity 78806K, committed 80536K, reserved 1120256K
  class space    used 9379K, capacity 10030K, committed 10408K, reserved 1048576K
}
Event: 13361,618 GC heap before
{Heap before GC invocations=48 (full 8):
 PSYoungGen      total 377856K, used 377384K [0x00000000e0000000, 0x0000000100000000, 0x0000000100000000)
  eden space 275968K, 100% used [0x00000000e0000000,0x00000000f0d80000,0x00000000f0d80000)
  from space 101888K, 99% used [0x00000000f0d80000,0x00000000f708a348,0x00000000f7100000)
  to   space 130560K, 0% used [0x00000000f8080000,0x00000000f8080000,0x0000000100000000)
 ParOldGen       total 658944K, used 515405K [0x00000000a0000000, 0x00000000c8380000, 0x00000000e0000000)
  object space 658944K, 78% used [0x00000000a0000000,0x00000000bf7534e0,0x00000000c8380000)
 Metaspace       used 75118K, capacity 78806K, committed 80536K, reserved 1120256K
  class space    used 9379K, capacity 10030K, committed 10408K, reserved 1048576K
Event: 13361,803 GC heap after
Heap after GC invocations=48 (full 8):
 PSYoungGen      total 348672K, used 130553K [0x00000000e0000000, 0x0000000100000000, 0x0000000100000000)
  eden space 218112K, 0% used [0x00000000e0000000,0x00000000e0000000,0x00000000ed500000)
  from space 130560K, 99% used [0x00000000f8080000,0x00000000ffffe420,0x0000000100000000)
  to   space 153088K, 0% used [0x00000000ed500000,0x00000000ed500000,0x00000000f6a80000)
 ParOldGen       total 658944K, used 526540K [0x00000000a0000000, 0x00000000c8380000, 0x00000000e0000000)
  object space 658944K, 79% used [0x00000000a0000000,0x00000000c0233060,0x00000000c8380000)
 Metaspace       used 75118K, capacity 78806K, committed 80536K, reserved 1120256K
  class space    used 9379K, capacity 10030K, committed 10408K, reserved 1048576K
}
Event: 13363,221 GC heap before
{Heap before GC invocations=49 (full 8):
 PSYoungGen      total 348672K, used 348665K [0x00000000e0000000, 0x0000000100000000, 0x0000000100000000)
  eden space 218112K, 100% used [0x00000000e0000000,0x00000000ed500000,0x00000000ed500000)
  from space 130560K, 99% used [0x00000000f8080000,0x00000000ffffe420,0x0000000100000000)
  to   space 153088K, 0% used [0x00000000ed500000,0x00000000ed500000,0x00000000f6a80000)
 ParOldGen       total 658944K, used 526540K [0x00000000a0000000, 0x00000000c8380000, 0x00000000e0000000)
  object space 658944K, 79% used [0x00000000a0000000,0x00000000c0233060,0x00000000c8380000)
 Metaspace       used 75118K, capacity 78806K, committed 80536K, reserved 1120256K
  class space    used 9379K, capacity 10030K, committed 10408K, reserved 1048576K
Event: 13363,512 GC heap after
Heap after GC invocations=49 (full 8):
 PSYoungGen      total 371200K, used 153081K [0x00000000e0000000, 0x0000000100000000, 0x0000000100000000)
  eden space 218112K, 0% used [0x00000000e0000000,0x00000000e0000000,0x00000000ed500000)
  from space 153088K, 99% used [0x00000000ed500000,0x00000000f6a7e5a0,0x00000000f6a80000)
  to   space 153088K, 0% used [0x00000000f6a80000,0x00000000f6a80000,0x0000000100000000)
 ParOldGen       total 658944K, used 628703K [0x00000000a0000000, 0x00000000c8380000, 0x00000000e0000000)
  object space 658944K, 95% used [0x00000000a0000000,0x00000000c65f7d08,0x00000000c8380000)
 Metaspace       used 75118K, capacity 78806K, committed 80536K, reserved 1120256K
  class space    used 9379K, capacity 10030K, committed 10408K, reserved 1048576K
}
Event: 13363,512 GC heap before
{Heap before GC invocations=50 (full 9):
 PSYoungGen      total 371200K, used 153081K [0x00000000e0000000, 0x0000000100000000, 0x0000000100000000)
  eden space 218112K, 0% used [0x00000000e0000000,0x00000000e0000000,0x00000000ed500000)
  from space 153088K, 99% used [0x00000000ed500000,0x00000000f6a7e5a0,0x00000000f6a80000)
  to   space 153088K, 0% used [0x00000000f6a80000,0x00000000f6a80000,0x0000000100000000)
 ParOldGen       total 658944K, used 628703K [0x00000000a0000000, 0x00000000c8380000, 0x00000000e0000000)
  object space 658944K, 95% used [0x00000000a0000000,0x00000000c65f7d08,0x00000000c8380000)
 Metaspace       used 75118K, capacity 78806K, committed 80536K, reserved 1120256K
  class space    used 9379K, capacity 10030K, committed 10408K, reserved 1048576K

