# JRE version: OpenJDK Runtime Environment (8.0_112-b06) (build 1.8.0_112-release-b06)
# Java VM: OpenJDK 64-Bit Server VM (25.112-b06 mixed mode linux-amd64 compressed oops)
Heap:
 PSYoungGen      total 169472K, used 9811K [0x00000000eab00000, 0x00000000ff900000, 0x0000000100000000)
  eden space 116736K, 0% used [0x00000000eab00000,0x00000000eab00000,0x00000000f1d00000)
  from space 52736K, 18% used [0x00000000f1d00000,0x00000000f2694cf8,0x00000000f5080000)
  to   space 112640K, 0% used [0x00000000f8b00000,0x00000000f8b00000,0x00000000ff900000)
 ParOldGen       total 499712K, used 499334K [0x00000000c0000000, 0x00000000de800000, 0x00000000eab00000)
  object space 499712K, 99% used [0x00000000c0000000,0x00000000de7a1bd8,0x00000000de800000)
 Metaspace       used 6384K, capacity 7280K, committed 7552K, reserved 1056768K
  class space    used 583K, capacity 616K, committed 640K, reserved 1048576K
GC Heap History (10 events):
Event: 22,568 GC heap after
Heap after GC invocations=30 (full 5):
 PSYoungGen      total 227840K, used 70052K [0x00000000eab00000, 0x0000000100000000, 0x0000000100000000)
  eden space 120832K, 0% used [0x00000000eab00000,0x00000000eab00000,0x00000000f2100000)
  from space 107008K, 65% used [0x00000000f2100000,0x00000000f6569338,0x00000000f8980000)
  to   space 109568K, 0% used [0x00000000f9500000,0x00000000f9500000,0x0000000100000000)
 ParOldGen       total 499712K, used 373346K [0x00000000c0000000, 0x00000000de800000, 0x00000000eab00000)
  object space 499712K, 74% used [0x00000000c0000000,0x00000000d6c98a78,0x00000000de800000)
 Metaspace       used 6382K, capacity 7280K, committed 7552K, reserved 1056768K
  class space    used 582K, capacity 616K, committed 640K, reserved 1048576K
}
Event: 22,958 GC heap before
{Heap before GC invocations=31 (full 5):
 PSYoungGen      total 227840K, used 190884K [0x00000000eab00000, 0x0000000100000000, 0x0000000100000000)
  eden space 120832K, 100% used [0x00000000eab00000,0x00000000f2100000,0x00000000f2100000)
  from space 107008K, 65% used [0x00000000f2100000,0x00000000f6569338,0x00000000f8980000)
  to   space 109568K, 0% used [0x00000000f9500000,0x00000000f9500000,0x0000000100000000)
 ParOldGen       total 499712K, used 373346K [0x00000000c0000000, 0x00000000de800000, 0x00000000eab00000)
  object space 499712K, 74% used [0x00000000c0000000,0x00000000d6c98a78,0x00000000de800000)
 Metaspace       used 6382K, capacity 7280K, committed 7552K, reserved 1056768K
  class space    used 582K, capacity 616K, committed 640K, reserved 1048576K
Event: 23,089 GC heap after
Heap after GC invocations=31 (full 5):
 PSYoungGen      total 226304K, used 85698K [0x00000000eab00000, 0x0000000100000000, 0x0000000100000000)
  eden space 116736K, 0% used [0x00000000eab00000,0x00000000eab00000,0x00000000f1d00000)
  from space 109568K, 78% used [0x00000000f9500000,0x00000000fe8b0b68,0x0000000100000000)
  to   space 116224K, 0% used [0x00000000f1d00000,0x00000000f1d00000,0x00000000f8e80000)
 ParOldGen       total 499712K, used 373346K [0x00000000c0000000, 0x00000000de800000, 0x00000000eab00000)
  object space 499712K, 74% used [0x00000000c0000000,0x00000000d6c98a78,0x00000000de800000)
 Metaspace       used 6382K, capacity 7280K, committed 7552K, reserved 1056768K
  class space    used 582K, capacity 616K, committed 640K, reserved 1048576K
}
Event: 23,497 GC heap before
{Heap before GC invocations=32 (full 5):
 PSYoungGen      total 226304K, used 202434K [0x00000000eab00000, 0x0000000100000000, 0x0000000100000000)
  eden space 116736K, 100% used [0x00000000eab00000,0x00000000f1d00000,0x00000000f1d00000)
  from space 109568K, 78% used [0x00000000f9500000,0x00000000fe8b0b68,0x0000000100000000)
  to   space 116224K, 0% used [0x00000000f1d00000,0x00000000f1d00000,0x00000000f8e80000)
 ParOldGen       total 499712K, used 373346K [0x00000000c0000000, 0x00000000de800000, 0x00000000eab00000)
  object space 499712K, 74% used [0x00000000c0000000,0x00000000d6c98a78,0x00000000de800000)
 Metaspace       used 6382K, capacity 7280K, committed 7552K, reserved 1056768K
  class space    used 582K, capacity 616K, committed 640K, reserved 1048576K
Event: 23,665 GC heap after
Heap after GC invocations=32 (full 5):
 PSYoungGen      total 232960K, used 79771K [0x00000000eab00000, 0x0000000100000000, 0x0000000100000000)
  eden space 116736K, 0% used [0x00000000eab00000,0x00000000eab00000,0x00000000f1d00000)
  from space 116224K, 68% used [0x00000000f1d00000,0x00000000f6ae6d70,0x00000000f8e80000)
  to   space 116224K, 0% used [0x00000000f8e80000,0x00000000f8e80000,0x0000000100000000)
 ParOldGen       total 499712K, used 395066K [0x00000000c0000000, 0x00000000de800000, 0x00000000eab00000)
  object space 499712K, 79% used [0x00000000c0000000,0x00000000d81ce880,0x00000000de800000)
 Metaspace       used 6382K, capacity 7280K, committed 7552K, reserved 1056768K
  class space    used 582K, capacity 616K, committed 640K, reserved 1048576K
}
Event: 24,086 GC heap before
{Heap before GC invocations=33 (full 5):
 PSYoungGen      total 232960K, used 196507K [0x00000000eab00000, 0x0000000100000000, 0x0000000100000000)
  eden space 116736K, 100% used [0x00000000eab00000,0x00000000f1d00000,0x00000000f1d00000)
  from space 116224K, 68% used [0x00000000f1d00000,0x00000000f6ae6d70,0x00000000f8e80000)
  to   space 116224K, 0% used [0x00000000f8e80000,0x00000000f8e80000,0x0000000100000000)
 ParOldGen       total 499712K, used 395066K [0x00000000c0000000, 0x00000000de800000, 0x00000000eab00000)
  object space 499712K, 79% used [0x00000000c0000000,0x00000000d81ce880,0x00000000de800000)
 Metaspace       used 6384K, capacity 7280K, committed 7552K, reserved 1056768K
  class space    used 583K, capacity 616K, committed 640K, reserved 1048576K
Event: 24,259 GC heap after
Heap after GC invocations=33 (full 5):
 PSYoungGen      total 232960K, used 67050K [0x00000000eab00000, 0x0000000100000000, 0x0000000100000000)
  eden space 116736K, 0% used [0x00000000eab00000,0x00000000eab00000,0x00000000f1d00000)
  from space 116224K, 57% used [0x00000000f8e80000,0x00000000fcffa908,0x0000000100000000)
  to   space 116224K, 0% used [0x00000000f1d00000,0x00000000f1d00000,0x00000000f8e80000)
 ParOldGen       total 499712K, used 426472K [0x00000000c0000000, 0x00000000de800000, 0x00000000eab00000)
  object space 499712K, 85% used [0x00000000c0000000,0x00000000da07a3a0,0x00000000de800000)
 Metaspace       used 6384K, capacity 7280K, committed 7552K, reserved 1056768K
  class space    used 583K, capacity 616K, committed 640K, reserved 1048576K
}
Event: 24,660 GC heap before
{Heap before GC invocations=34 (full 5):
 PSYoungGen      total 232960K, used 183786K [0x00000000eab00000, 0x0000000100000000, 0x0000000100000000)
  eden space 116736K, 100% used [0x00000000eab00000,0x00000000f1d00000,0x00000000f1d00000)
  from space 116224K, 57% used [0x00000000f8e80000,0x00000000fcffa908,0x0000000100000000)
  to   space 116224K, 0% used [0x00000000f1d00000,0x00000000f1d00000,0x00000000f8e80000)
 ParOldGen       total 499712K, used 426472K [0x00000000c0000000, 0x00000000de800000, 0x00000000eab00000)
  object space 499712K, 85% used [0x00000000c0000000,0x00000000da07a3a0,0x00000000de800000)
 Metaspace       used 6384K, capacity 7280K, committed 7552K, reserved 1056768K
  class space    used 583K, capacity 616K, committed 640K, reserved 1048576K
Event: 24,824 GC heap after
Heap after GC invocations=34 (full 5):
 PSYoungGen      total 169472K, used 52480K [0x00000000eab00000, 0x00000000ff900000, 0x0000000100000000)
  eden space 116736K, 0% used [0x00000000eab00000,0x00000000eab00000,0x00000000f1d00000)
  from space 52736K, 99% used [0x00000000f1d00000,0x00000000f5040200,0x00000000f5080000)
  to   space 112640K, 0% used [0x00000000f8b00000,0x00000000f8b00000,0x00000000ff900000)
 ParOldGen       total 499712K, used 458302K [0x00000000c0000000, 0x00000000de800000, 0x00000000eab00000)
  object space 499712K, 91% used [0x00000000c0000000,0x00000000dbf8f8a0,0x00000000de800000)
 Metaspace       used 6384K, capacity 7280K, committed 7552K, reserved 1056768K
  class space    used 583K, capacity 616K, committed 640K, reserved 1048576K
}
Event: 24,824 GC heap before
{Heap before GC invocations=35 (full 6):
 PSYoungGen      total 169472K, used 52480K [0x00000000eab00000, 0x00000000ff900000, 0x0000000100000000)
  eden space 116736K, 0% used [0x00000000eab00000,0x00000000eab00000,0x00000000f1d00000)
  from space 52736K, 99% used [0x00000000f1d00000,0x00000000f5040200,0x00000000f5080000)
  to   space 112640K, 0% used [0x00000000f8b00000,0x00000000f8b00000,0x00000000ff900000)
 ParOldGen       total 499712K, used 458302K [0x00000000c0000000, 0x00000000de800000, 0x00000000eab00000)
  object space 499712K, 91% used [0x00000000c0000000,0x00000000dbf8f8a0,0x00000000de800000)
 Metaspace       used 6384K, capacity 7280K, committed 7552K, reserved 1056768K
  class space    used 583K, capacity 616K, committed 640K, reserved 1048576K

